<?xml version="1.0" encoding="UTF-8" ?>
<testsuite failures="0" time="1.331" errors="0" skipped="0" tests="3" name="it.geosolutions.geostore.core.security.password.EncodingTest">
  <properties>
[...]
</properties>
  <testcase time="1.024" classname="it.geosolutions.geostore.core.security.password.EncodingTest" name="testPbe"/>
  <testcase time="0.217" classname="it.geosolutions.geostore.core.security.password.EncodingTest" name="testDigest"/>
  <testcase time="0.064" classname="it.geosolutions.geostore.core.security.password.EncodingTest" name="testCreateKeyStore"/>
</testsuite>