<?xml version="1.0" encoding="UTF-8" ?>
<testsuite failures="0" time="5.724" errors="0" skipped="0" tests="5" name="it.geosolutions.geostore.services.rest.AdministratorGeostoreClientTest">
  <properties>
[...]
</properties>
  <testcase time="1.324" classname="it.geosolutions.geostore.services.rest.AdministratorGeostoreClientTest" name="getIdTest"/>
  <testcase time="1.12" classname="it.geosolutions.geostore.services.rest.AdministratorGeostoreClientTest" name="getUsersTest"/>
  <testcase time="1.08" classname="it.geosolutions.geostore.services.rest.AdministratorGeostoreClientTest" name="createUserTest"/>
  <testcase time="1.053" classname="it.geosolutions.geostore.services.rest.AdministratorGeostoreClientTest" name="deleteUserTest"/>
  <testcase time="1.046" classname="it.geosolutions.geostore.services.rest.AdministratorGeostoreClientTest" name="updateUserTest"/>
</testsuite>